#
# A fatal error has been detected by the Java Runtime Environment:
#
#  EXCEPTION_ACCESS_VIOLATION (0xc0000005) at pc=0x0000000059dbbce0, pid=7776, tid=12300
#
# JRE version: Java(TM) SE Runtime Environment (9.0+11) (build 9.0.4+11)
# Java VM: Java HotSpot(TM) 64-Bit Server VM (9.0.4+11, mixed mode, tiered, compressed oops, g1 gc, windows-amd64)
# Problematic frame:
# V  [jvm.dll+0x32bce0]
#
# No core dump will be written. Minidumps are not enabled by default on client versions of Windows
#
# If you would like to submit a bug report, please visit:
#   http://bugreport.java.com/bugreport/crash.jsp
#

---------------  S U M M A R Y ------------

Command Line: -agentlib:jdwp=transport=dt_socket,address=127.0.0.1:51102,suspend=y,server=n -javaagent:C:\Users\doubr\.IdeaIC2017.3\system\captureAgent\debugger-agent.jar=C:\Users\doubr\AppData\Local\Temp\capture30844.props -Dfile.encoding=UTF-8 mario.MarioAgent

Host: Intel(R) Core(TM) i5-7200U CPU @ 2.50GHz, 4 cores, 7G,  Windows 10 , 64 bit Build 17134 (10.0.17134.1)
Time: Mon Oct 22 07:57:30 2018 Stoední Evropa (letní eas) elapsed time: 400 seconds (0d 0h 6m 40s)

---------------  T H R E A D  ---------------

Current thread (0x000001e3dfa22800):  VMThread "VM Thread" [stack: 0x0000003c10d00000,0x0000003c10e00000] [id=12300]

Stack: [0x0000003c10d00000,0x0000003c10e00000],  sp=0x0000003c10dfe770,  free space=1017k
Native frames: (J=compiled Java code, j=interpreted, Vv=VM code, C=native code)
V  [jvm.dll+0x32bce0]
V  [jvm.dll+0x327698]
V  [jvm.dll+0x341f4f]
V  [jvm.dll+0x34516d]
V  [jvm.dll+0x296ab0]
V  [jvm.dll+0x296ba9]
V  [jvm.dll+0x2f8791]
V  [jvm.dll+0x2f30be]
V  [jvm.dll+0x2f4193]
V  [jvm.dll+0x2f6073]
V  [jvm.dll+0x2f666e]
V  [jvm.dll+0x2f3e55]
V  [jvm.dll+0x2f3293]
V  [jvm.dll+0x5784ff]
V  [jvm.dll+0x57880c]
V  [jvm.dll+0x5786b3]
V  [jvm.dll+0x578eac]
V  [jvm.dll+0x5470aa]
V  [jvm.dll+0x465311]
V  [jvm.dll+0x6a366b]
V  [jvm.dll+0x6a1e05]
V  [jvm.dll+0x6a25e1]
V  [jvm.dll+0x6a28cc]
V  [jvm.dll+0x586490]
C  [msvcr120.dll+0x24f7f]
C  [msvcr120.dll+0x25126]
C  [KERNEL32.DLL+0x13034]
C  [ntdll.dll+0x71461]


siginfo: EXCEPTION_ACCESS_VIOLATION (0xc0000005), reading address 0xffffffffffffffff


Register to memory mapping:

RIP=0x0000000059dbbce0 jvm.dll
RAX=0x616a0f0001726574 is an unknown value
RBX=0x000001e3dfa22800 is an unknown value
RCX=0x00000001000016d0 is pointing into metadata
RDX=0x616a0f0001726574 is an unknown value
RSP=0x0000003c10dfe770 is an unknown value
RBP=0x0000000000000003 is an unknown value
RSI=0x0000003c10dfe830 is an unknown value
RDI=0x0000000000000000 is an unknown value
R8 =0x000001e3dfa22800 is an unknown value
R9 =0x616a0f0001726574 is an unknown value
R10=0x0000000000000049 is an unknown value
R11=0x0000000000000049 is an unknown value
R12=0x0000003c10dff501 is an unknown value
R13=0x0000000000000000 is an unknown value
R14=0x0000000000000059 is an unknown value
R15=0x0000000000000001 is an unknown value


Registers:
RAX=0x616a0f0001726574, RBX=0x000001e3dfa22800, RCX=0x00000001000016d0, RDX=0x616a0f0001726574
RSP=0x0000003c10dfe770, RBP=0x0000000000000003, RSI=0x0000003c10dfe830, RDI=0x0000000000000000
R8 =0x000001e3dfa22800, R9 =0x616a0f0001726574, R10=0x0000000000000049, R11=0x0000000000000049
R12=0x0000003c10dff501, R13=0x0000000000000000, R14=0x0000000000000059, R15=0x0000000000000001
RIP=0x0000000059dbbce0, EFLAGS=0x0000000000010246

Top of Stack: (sp=0x0000003c10dfe770)
0x0000003c10dfe770:   00000001000016d0 0000000000000000
0x0000003c10dfe780:   0000000000000000 000001e3dfa22800
0x0000003c10dfe790:   0000000000000000 0000000059db7698
0x0000003c10dfe7a0:   00000001000016d0 000001e3dfa22800
0x0000003c10dfe7b0:   0000003c10dfe830 000001e3dfa22800
0x0000003c10dfe7c0:   0000003c10dfe8a0 0000000059dd1f4f
0x0000003c10dfe7d0:   000001e3dfa22800 0000000000000000
0x0000003c10dfe7e0:   0000000000000000 0000000000000000
0x0000003c10dfe7f0:   0000000000000410 000001e3df0d9080
0x0000003c10dfe800:   0000003c10dfe8a0 0000000059dd516d
0x0000003c10dfe810:   000001e3dfa21360 0000003c10dfea00
0x0000003c10dfe820:   0000000000000059 000001e3df9b57d8
0x0000003c10dfe830:   0000003c10dfe910 000000005a25b3b0
0x0000003c10dfe840:   000001e3dfa22800 0000003c10dfea00
0x0000003c10dfe850:   0000000000000000 0000000059d26ab0
0x0000003c10dfe860:   0000003c10dfe9f0 000001e3df9b5701 

Instructions: (pc=0x0000000059dbbce0)
0x0000000059dbbcc0:   8b d8 e8 a9 88 d8 ff 48 83 7b 08 00 4c 8b c8 74
0x0000000059dbbcd0:   04 33 ff eb 23 80 3d 39 bd 62 00 00 74 05 33 ff
0x0000000059dbbce0:   89 78 0c 48 8d 4d fe 48 8d 78 10 48 85 c9 74 05
0x0000000059dbbcf0:   33 c0 f3 48 ab 49 8b f9 48 83 7b 08 00 48 8b 74 


VM_Operation (0x0000003c117ff5a0): GetOrSetLocal, mode: safepoint, requested by thread 0x000001e3dfdb2000


---------------  P R O C E S S  ---------------

Java Threads: ( => current thread )
  0x000001e3e10ad800 JavaThread "AWT-EventQueue-0" [_thread_blocked, id=2880, stack(0x0000003c11f00000,0x0000003c12000000)]
  0x000001e3e197d800 JavaThread "AWT-Windows" daemon [_thread_blocked, id=13568, stack(0x0000003c11e00000,0x0000003c11f00000)]
  0x000001e3e1705000 JavaThread "AWT-Shutdown" [_thread_blocked, id=5240, stack(0x0000003c11d00000,0x0000003c11e00000)]
  0x000001e3e180f800 JavaThread "Java2D Disposer" daemon [_thread_blocked, id=13296, stack(0x0000003c11c00000,0x0000003c11d00000)]
  0x000001e3dfdd8800 JavaThread "Service Thread" daemon [_thread_blocked, id=2524, stack(0x0000003c11a00000,0x0000003c11b00000)]
  0x000001e3dfdc5000 JavaThread "JDWP Command Reader" daemon [_thread_in_native, id=6492, stack(0x0000003c11900000,0x0000003c11a00000)]
  0x000001e3dfdc4000 JavaThread "JDWP Event Helper Thread" daemon [_thread_blocked, id=6944, stack(0x0000003c11800000,0x0000003c11900000)]
  0x000001e3dfdb2000 JavaThread "JDWP Transport Listener: dt_socket" daemon [_thread_blocked, id=13220, stack(0x0000003c11700000,0x0000003c11800000)]
  0x000001e3dfb3a800 JavaThread "Common-Cleaner" daemon [_thread_blocked, id=15048, stack(0x0000003c11600000,0x0000003c11700000)]
  0x000001e3dfa99000 JavaThread "Sweeper thread" daemon [_thread_blocked, id=14816, stack(0x0000003c11500000,0x0000003c11600000)]
  0x000001e3dfa93800 JavaThread "C1 CompilerThread2" daemon [_thread_blocked, id=5748, stack(0x0000003c11400000,0x0000003c11500000)]
  0x000001e3dfa8a000 JavaThread "C2 CompilerThread1" daemon [_thread_blocked, id=9424, stack(0x0000003c11300000,0x0000003c11400000)]
  0x000001e3dfa84800 JavaThread "C2 CompilerThread0" daemon [_thread_blocked, id=14948, stack(0x0000003c11200000,0x0000003c11300000)]
  0x000001e3dfa81800 JavaThread "Attach Listener" daemon [_thread_blocked, id=14660, stack(0x0000003c11100000,0x0000003c11200000)]
  0x000001e3dfa32800 JavaThread "Signal Dispatcher" daemon [_thread_blocked, id=4856, stack(0x0000003c11000000,0x0000003c11100000)]
  0x000001e3dfa3a000 JavaThread "Finalizer" daemon [_thread_blocked, id=11196, stack(0x0000003c10f00000,0x0000003c11000000)]
  0x000001e3dfa38000 JavaThread "Reference Handler" daemon [_thread_blocked, id=11300, stack(0x0000003c10e00000,0x0000003c10f00000)]
  0x000001e3bc618800 JavaThread "main" [_thread_blocked, id=6836, stack(0x0000003c10100000,0x0000003c10200000)]

Other Threads:
=>0x000001e3dfa22800 VMThread "VM Thread" [stack: 0x0000003c10d00000,0x0000003c10e00000] [id=12300]
  0x000001e3dfe2d000 WatcherThread [stack: 0x0000003c11b00000,0x0000003c11c00000] [id=13308]
  0x000001e3bc62f800 GCTaskThread "GC Thread#0" [stack: 0x0000003c10200000,0x0000003c10300000] [id=1232]
  0x000001e3bc632000 GCTaskThread "GC Thread#1" [stack: 0x0000003c10300000,0x0000003c10400000] [id=13988]
  0x000001e3bc634000 GCTaskThread "GC Thread#2" [stack: 0x0000003c10400000,0x0000003c10500000] [id=2312]
  0x000001e3bc635800 GCTaskThread "GC Thread#3" [stack: 0x0000003c10500000,0x0000003c10600000] [id=3348]
  0x000001e3bc6a4800 ConcurrentGCThread "G1 Main Marker" [stack: 0x0000003c10b00000,0x0000003c10c00000] [id=10348]
  0x000001e3bc6a8800 ConcurrentGCThread "G1 Marker#0" [stack: 0x0000003c10c00000,0x0000003c10d00000] [id=15264]
  0x000001e3bc63c800 ConcurrentGCThread "G1 Refine#0" [stack: 0x0000003c10900000,0x0000003c10a00000] [id=4852]
  0x000001e3bc63b000 ConcurrentGCThread "G1 Refine#1" [stack: 0x0000003c10800000,0x0000003c10900000] [id=3292]
  0x000001e3bc63a000 ConcurrentGCThread "G1 Refine#2" [stack: 0x0000003c10700000,0x0000003c10800000] [id=8340]
  0x000001e3bc638800 ConcurrentGCThread "G1 Refine#3" [stack: 0x0000003c10600000,0x0000003c10700000] [id=2736]
  0x000001e3bc63d800 ConcurrentGCThread "G1 Young RemSet Sampling" [stack: 0x0000003c10a00000,0x0000003c10b00000] [id=10124]

Threads with active compile tasks:

VM state:at safepoint (normal execution)

VM Mutex/Monitor currently owned by a thread:  ([mutex/lock_event])
[0x000001e3bc6129b0] Threads_lock - owner thread: 0x000001e3dfa22800

Heap address: 0x0000000081c00000, size: 2020 MB, Compressed Oops mode: 32-bit
Narrow klass base: 0x0000000000000000, Narrow klass shift: 3
Compressed class space size: 1073741824 Address: 0x0000000100000000

Heap:
 garbage-first heap   total 131072K, used 43034K [0x0000000081c00000, 0x0000000081d00400, 0x0000000100000000)
  region size 1024K, 36 young (36864K), 2 survivors (2048K)
 Metaspace       used 17518K, capacity 19538K, committed 19712K, reserved 1067008K
  class space    used 1892K, capacity 2257K, committed 2304K, reserved 1048576K
Heap Regions: E=young(eden), S=young(survivor), O=old, HS=humongous(starts), HC=humongous(continues), CS=collection set, F=free, A=archive, TS=gc time stamp, AC=allocation context, TAMS=top-at-mark-start (previous, next)
|   0|0x0000000081c00000, 0x0000000081c06a00, 0x0000000081d00000|  2%| O|  |TS  1|AC  0|TAMS 0x0000000081c00000, 0x0000000081c00000|
|   1|0x0000000081d00000, 0x0000000081e00000, 0x0000000081e00000|100%|HS|  |TS  0|AC  0|TAMS 0x0000000081d00000, 0x0000000081d00000|
|   2|0x0000000081e00000, 0x0000000081f00000, 0x0000000081f00000|100%|HC|  |TS  0|AC  0|TAMS 0x0000000081e00000, 0x0000000081e00000|
|   3|0x0000000081f00000, 0x0000000082000000, 0x0000000082000000|100%|HS|  |TS  0|AC  0|TAMS 0x0000000081f00000, 0x0000000081f00000|
|   4|0x0000000082000000, 0x0000000082100000, 0x0000000082100000|100%|HS|  |TS  0|AC  0|TAMS 0x0000000082000000, 0x0000000082000000|
|   5|0x0000000082100000, 0x0000000082200000, 0x0000000082200000|100%|HS|  |TS  0|AC  0|TAMS 0x0000000082100000, 0x0000000082100000|
|   6|0x0000000082200000, 0x0000000082300000, 0x0000000082300000|100%|HC|  |TS  0|AC  0|TAMS 0x0000000082200000, 0x0000000082200000|
|   7|0x0000000082300000, 0x0000000082400000, 0x0000000082400000|100%|HC|  |TS  0|AC  0|TAMS 0x0000000082300000, 0x0000000082300000|
|   8|0x0000000082400000, 0x0000000082400000, 0x0000000082500000|  0%| F|  |TS  0|AC  0|TAMS 0x0000000082400000, 0x0000000082400000|
|   9|0x0000000082500000, 0x0000000082500000, 0x0000000082600000|  0%| F|  |TS  0|AC  0|TAMS 0x0000000082500000, 0x0000000082500000|
|  10|0x0000000082600000, 0x0000000082600000, 0x0000000082700000|  0%| F|  |TS  0|AC  0|TAMS 0x0000000082600000, 0x0000000082600000|
|  11|0x0000000082700000, 0x0000000082700000, 0x0000000082800000|  0%| F|  |TS  0|AC  0|TAMS 0x0000000082700000, 0x0000000082700000|
|  12|0x0000000082800000, 0x0000000082800000, 0x0000000082900000|  0%| F|  |TS  0|AC  0|TAMS 0x0000000082800000, 0x0000000082800000|
|  13|0x0000000082900000, 0x0000000082900000, 0x0000000082a00000|  0%| F|  |TS  0|AC  0|TAMS 0x0000000082900000, 0x0000000082900000|
|  14|0x0000000082a00000, 0x0000000082a00000, 0x0000000082b00000|  0%| F|  |TS  0|AC  0|TAMS 0x0000000082a00000, 0x0000000082a00000|
|  15|0x0000000082b00000, 0x0000000082b00000, 0x0000000082c00000|  0%| F|  |TS  0|AC  0|TAMS 0x0000000082b00000, 0x0000000082b00000|
|  16|0x0000000082c00000, 0x0000000082c00000, 0x0000000082d00000|  0%| F|  |TS  0|AC  0|TAMS 0x0000000082c00000, 0x0000000082c00000|
|  17|0x0000000082d00000, 0x0000000082d00000, 0x0000000082e00000|  0%| F|  |TS  0|AC  0|TAMS 0x0000000082d00000, 0x0000000082d00000|
|  18|0x0000000082e00000, 0x0000000082e00000, 0x0000000082f00000|  0%| F|  |TS  0|AC  0|TAMS 0x0000000082e00000, 0x0000000082e00000|
|  19|0x0000000082f00000, 0x0000000082f00000, 0x0000000083000000|  0%| F|  |TS  0|AC  0|TAMS 0x0000000082f00000, 0x0000000082f00000|
|  20|0x0000000083000000, 0x0000000083000000, 0x0000000083100000|  0%| F|  |TS  0|AC  0|TAMS 0x0000000083000000, 0x0000000083000000|
|  21|0x0000000083100000, 0x0000000083100000, 0x0000000083200000|  0%| F|  |TS  0|AC  0|TAMS 0x0000000083100000, 0x0000000083100000|
|  22|0x0000000083200000, 0x0000000083200000, 0x0000000083300000|  0%| F|  |TS  0|AC  0|TAMS 0x0000000083200000, 0x0000000083200000|
|  23|0x0000000083300000, 0x0000000083300000, 0x0000000083400000|  0%| F|  |TS  0|AC  0|TAMS 0x0000000083300000, 0x0000000083300000|
|  24|0x0000000083400000, 0x0000000083400000, 0x0000000083500000|  0%| F|  |TS  0|AC  0|TAMS 0x0000000083400000, 0x0000000083400000|
|  25|0x0000000083500000, 0x0000000083500000, 0x0000000083600000|  0%| F|  |TS  0|AC  0|TAMS 0x0000000083500000, 0x0000000083500000|
|  26|0x0000000083600000, 0x0000000083600000, 0x0000000083700000|  0%| F|  |TS  0|AC  0|TAMS 0x0000000083600000, 0x0000000083600000|
|  27|0x0000000083700000, 0x0000000083700000, 0x0000000083800000|  0%| F|  |TS  0|AC  0|TAMS 0x0000000083700000, 0x0000000083700000|
|  28|0x0000000083800000, 0x0000000083800000, 0x0000000083900000|  0%| F|  |TS  0|AC  0|TAMS 0x0000000083800000, 0x0000000083800000|
|  29|0x0000000083900000, 0x0000000083900000, 0x0000000083a00000|  0%| F|  |TS  0|AC  0|TAMS 0x0000000083900000, 0x0000000083900000|
|  30|0x0000000083a00000, 0x0000000083a00000, 0x0000000083b00000|  0%| F|  |TS  0|AC  0|TAMS 0x0000000083a00000, 0x0000000083a00000|
|  31|0x0000000083b00000, 0x0000000083b00000, 0x0000000083c00000|  0%| F|  |TS  0|AC  0|TAMS 0x0000000083b00000, 0x0000000083b00000|
|  32|0x0000000083c00000, 0x0000000083c00000, 0x0000000083d00000|  0%| F|  |TS  0|AC  0|TAMS 0x0000000083c00000, 0x0000000083c00000|
|  33|0x0000000083d00000, 0x0000000083d00000, 0x0000000083e00000|  0%| F|  |TS  0|AC  0|TAMS 0x0000000083d00000, 0x0000000083d00000|
|  34|0x0000000083e00000, 0x0000000083e00000, 0x0000000083f00000|  0%| F|  |TS  0|AC  0|TAMS 0x0000000083e00000, 0x0000000083e00000|
|  35|0x0000000083f00000, 0x0000000083f00000, 0x0000000084000000|  0%| F|  |TS  0|AC  0|TAMS 0x0000000083f00000, 0x0000000083f00000|
|  36|0x0000000084000000, 0x0000000084000000, 0x0000000084100000|  0%| F|  |TS  0|AC  0|TAMS 0x0000000084000000, 0x0000000084000000|
|  37|0x0000000084100000, 0x0000000084100000, 0x0000000084200000|  0%| F|  |TS  0|AC  0|TAMS 0x0000000084100000, 0x0000000084100000|
|  38|0x0000000084200000, 0x0000000084200000, 0x0000000084300000|  0%| F|  |TS  0|AC  0|TAMS 0x0000000084200000, 0x0000000084200000|
|  39|0x0000000084300000, 0x0000000084300000, 0x0000000084400000|  0%| F|  |TS  0|AC  0|TAMS 0x0000000084300000, 0x0000000084300000|
|  40|0x0000000084400000, 0x0000000084400000, 0x0000000084500000|  0%| F|  |TS  0|AC  0|TAMS 0x0000000084400000, 0x0000000084400000|
|  41|0x0000000084500000, 0x0000000084500000, 0x0000000084600000|  0%| F|  |TS  0|AC  0|TAMS 0x0000000084500000, 0x0000000084500000|
|  42|0x0000000084600000, 0x0000000084600000, 0x0000000084700000|  0%| F|  |TS  0|AC  0|TAMS 0x0000000084600000, 0x0000000084600000|
|  43|0x0000000084700000, 0x0000000084700000, 0x0000000084800000|  0%| F|  |TS  0|AC  0|TAMS 0x0000000084700000, 0x0000000084700000|
|  44|0x0000000084800000, 0x0000000084800000, 0x0000000084900000|  0%| F|  |TS  0|AC  0|TAMS 0x0000000084800000, 0x0000000084800000|
|  45|0x0000000084900000, 0x0000000084900000, 0x0000000084a00000|  0%| F|  |TS  0|AC  0|TAMS 0x0000000084900000, 0x0000000084900000|
|  46|0x0000000084a00000, 0x0000000084a00000, 0x0000000084b00000|  0%| F|  |TS  0|AC  0|TAMS 0x0000000084a00000, 0x0000000084a00000|
|  47|0x0000000084b00000, 0x0000000084b00000, 0x0000000084c00000|  0%| F|  |TS  0|AC  0|TAMS 0x0000000084b00000, 0x0000000084b00000|
|  48|0x0000000084c00000, 0x0000000084c00000, 0x0000000084d00000|  0%| F|  |TS  0|AC  0|TAMS 0x0000000084c00000, 0x0000000084c00000|
|  49|0x0000000084d00000, 0x0000000084d00000, 0x0000000084e00000|  0%| F|  |TS  0|AC  0|TAMS 0x0000000084d00000, 0x0000000084d00000|
|  50|0x0000000084e00000, 0x0000000084e00000, 0x0000000084f00000|  0%| F|  |TS  0|AC  0|TAMS 0x0000000084e00000, 0x0000000084e00000|
|  51|0x0000000084f00000, 0x0000000084f00000, 0x0000000085000000|  0%| F|  |TS  0|AC  0|TAMS 0x0000000084f00000, 0x0000000084f00000|
|  52|0x0000000085000000, 0x0000000085000000, 0x0000000085100000|  0%| F|  |TS  0|AC  0|TAMS 0x0000000085000000, 0x0000000085000000|
|  53|0x0000000085100000, 0x0000000085100000, 0x0000000085200000|  0%| F|  |TS  0|AC  0|TAMS 0x0000000085100000, 0x0000000085100000|
|  54|0x0000000085200000, 0x0000000085200000, 0x0000000085300000|  0%| F|  |TS  0|AC  0|TAMS 0x0000000085200000, 0x0000000085200000|
|  55|0x0000000085300000, 0x0000000085300000, 0x0000000085400000|  0%| F|  |TS  0|AC  0|TAMS 0x0000000085300000, 0x0000000085300000|
|  56|0x0000000085400000, 0x0000000085400000, 0x0000000085500000|  0%| F|  |TS  0|AC  0|TAMS 0x0000000085400000, 0x0000000085400000|
|  57|0x0000000085500000, 0x0000000085500000, 0x0000000085600000|  0%| F|  |TS  0|AC  0|TAMS 0x0000000085500000, 0x0000000085500000|
|  58|0x0000000085600000, 0x0000000085600000, 0x0000000085700000|  0%| F|  |TS  0|AC  0|TAMS 0x0000000085600000, 0x0000000085600000|
|  59|0x0000000085700000, 0x0000000085700000, 0x0000000085800000|  0%| F|  |TS  0|AC  0|TAMS 0x0000000085700000, 0x0000000085700000|
|  60|0x0000000085800000, 0x0000000085800000, 0x0000000085900000|  0%| F|  |TS  0|AC  0|TAMS 0x0000000085800000, 0x0000000085800000|
|  61|0x0000000085900000, 0x0000000085900000, 0x0000000085a00000|  0%| F|  |TS  0|AC  0|TAMS 0x0000000085900000, 0x0000000085900000|
|  62|0x0000000085a00000, 0x0000000085a00000, 0x0000000085b00000|  0%| F|  |TS  0|AC  0|TAMS 0x0000000085a00000, 0x0000000085a00000|
|  63|0x0000000085b00000, 0x0000000085b00000, 0x0000000085c00000|  0%| F|  |TS  0|AC  0|TAMS 0x0000000085b00000, 0x0000000085b00000|
|  64|0x0000000085c00000, 0x0000000085c00000, 0x0000000085d00000|  0%| F|  |TS  0|AC  0|TAMS 0x0000000085c00000, 0x0000000085c00000|
|  65|0x0000000085d00000, 0x0000000085d00000, 0x0000000085e00000|  0%| F|  |TS  0|AC  0|TAMS 0x0000000085d00000, 0x0000000085d00000|
|  66|0x0000000085e00000, 0x0000000085e00000, 0x0000000085f00000|  0%| F|  |TS  0|AC  0|TAMS 0x0000000085e00000, 0x0000000085e00000|
|  67|0x0000000085f00000, 0x0000000085f00000, 0x0000000086000000|  0%| F|  |TS  0|AC  0|TAMS 0x0000000085f00000, 0x0000000085f00000|
|  68|0x0000000086000000, 0x0000000086000000, 0x0000000086100000|  0%| F|  |TS  0|AC  0|TAMS 0x0000000086000000, 0x0000000086000000|
|  69|0x0000000086100000, 0x0000000086100000, 0x0000000086200000|  0%| F|  |TS  0|AC  0|TAMS 0x0000000086100000, 0x0000000086100000|
|  70|0x0000000086200000, 0x0000000086200000, 0x0000000086300000|  0%| F|  |TS  0|AC  0|TAMS 0x0000000086200000, 0x0000000086200000|
|  71|0x0000000086300000, 0x0000000086300000, 0x0000000086400000|  0%| F|  |TS  0|AC  0|TAMS 0x0000000086300000, 0x0000000086300000|
|  72|0x0000000086400000, 0x0000000086400000, 0x0000000086500000|  0%| F|  |TS  0|AC  0|TAMS 0x0000000086400000, 0x0000000086400000|
|  73|0x0000000086500000, 0x0000000086500000, 0x0000000086600000|  0%| F|  |TS  0|AC  0|TAMS 0x0000000086500000, 0x0000000086500000|
|  74|0x0000000086600000, 0x0000000086600000, 0x0000000086700000|  0%| F|  |TS  0|AC  0|TAMS 0x0000000086600000, 0x0000000086600000|
|  75|0x0000000086700000, 0x0000000086700000, 0x0000000086800000|  0%| F|  |TS  0|AC  0|TAMS 0x0000000086700000, 0x0000000086700000|
|  76|0x0000000086800000, 0x0000000086800000, 0x0000000086900000|  0%| F|  |TS  0|AC  0|TAMS 0x0000000086800000, 0x0000000086800000|
|  77|0x0000000086900000, 0x0000000086900000, 0x0000000086a00000|  0%| F|  |TS  0|AC  0|TAMS 0x0000000086900000, 0x0000000086900000|
|  78|0x0000000086a00000, 0x0000000086a00000, 0x0000000086b00000|  0%| F|  |TS  0|AC  0|TAMS 0x0000000086a00000, 0x0000000086a00000|
|  79|0x0000000086b00000, 0x0000000086b00000, 0x0000000086c00000|  0%| F|  |TS  0|AC  0|TAMS 0x0000000086b00000, 0x0000000086b00000|
|  80|0x0000000086c00000, 0x0000000086c00000, 0x0000000086d00000|  0%| F|  |TS  0|AC  0|TAMS 0x0000000086c00000, 0x0000000086c00000|
|  81|0x0000000086d00000, 0x0000000086d00000, 0x0000000086e00000|  0%| F|  |TS  0|AC  0|TAMS 0x0000000086d00000, 0x0000000086d00000|
|  82|0x0000000086e00000, 0x0000000086e00000, 0x0000000086f00000|  0%| F|  |TS  0|AC  0|TAMS 0x0000000086e00000, 0x0000000086e00000|
|  83|0x0000000086f00000, 0x0000000086f00000, 0x0000000087000000|  0%| F|  |TS  0|AC  0|TAMS 0x0000000086f00000, 0x0000000086f00000|
|  84|0x0000000087000000, 0x0000000087000000, 0x0000000087100000|  0%| F|  |TS  0|AC  0|TAMS 0x0000000087000000, 0x0000000087000000|
|  85|0x0000000087100000, 0x0000000087100000, 0x0000000087200000|  0%| F|  |TS  0|AC  0|TAMS 0x0000000087100000, 0x0000000087100000|
|  86|0x0000000087200000, 0x0000000087200000, 0x0000000087300000|  0%| F|  |TS  0|AC  0|TAMS 0x0000000087200000, 0x0000000087200000|
|  87|0x0000000087300000, 0x0000000087300000, 0x0000000087400000|  0%| F|  |TS  0|AC  0|TAMS 0x0000000087300000, 0x0000000087300000|
|  88|0x0000000087400000, 0x0000000087400000, 0x0000000087500000|  0%| F|  |TS  0|AC  0|TAMS 0x0000000087400000, 0x0000000087400000|
|  89|0x0000000087500000, 0x0000000087500000, 0x0000000087600000|  0%| F|  |TS  0|AC  0|TAMS 0x0000000087500000, 0x0000000087500000|
|  90|0x0000000087600000, 0x0000000087600000, 0x0000000087700000|  0%| F|  |TS  0|AC  0|TAMS 0x0000000087600000, 0x0000000087600000|
|  91|0x0000000087700000, 0x0000000087700000, 0x0000000087800000|  0%| F|  |TS  0|AC  0|TAMS 0x0000000087700000, 0x0000000087700000|
|  92|0x0000000087800000, 0x0000000087880800, 0x0000000087900000| 50%| E|  |TS  0|AC  0|TAMS 0x0000000087800000, 0x0000000087800000|
|  93|0x0000000087900000, 0x0000000087a00000, 0x0000000087a00000|100%| E|CS|TS  0|AC  0|TAMS 0x0000000087900000, 0x0000000087900000|
|  94|0x0000000087a00000, 0x0000000087b00000, 0x0000000087b00000|100%| E|CS|TS  0|AC  0|TAMS 0x0000000087a00000, 0x0000000087a00000|
|  95|0x0000000087b00000, 0x0000000087c00000, 0x0000000087c00000|100%| E|CS|TS  0|AC  0|TAMS 0x0000000087b00000, 0x0000000087b00000|
|  96|0x0000000087c00000, 0x0000000087d00000, 0x0000000087d00000|100%| E|CS|TS  0|AC  0|TAMS 0x0000000087c00000, 0x0000000087c00000|
|  97|0x0000000087d00000, 0x0000000087e00000, 0x0000000087e00000|100%| E|CS|TS  0|AC  0|TAMS 0x0000000087d00000, 0x0000000087d00000|
|  98|0x0000000087e00000, 0x0000000087f00000, 0x0000000087f00000|100%| E|CS|TS  0|AC  0|TAMS 0x0000000087e00000, 0x0000000087e00000|
|  99|0x0000000087f00000, 0x0000000088000000, 0x0000000088000000|100%| E|CS|TS  0|AC  0|TAMS 0x0000000087f00000, 0x0000000087f00000|
| 100|0x0000000088000000, 0x0000000088100000, 0x0000000088100000|100%| E|CS|TS  0|AC  0|TAMS 0x0000000088000000, 0x0000000088000000|
| 101|0x0000000088100000, 0x0000000088200000, 0x0000000088200000|100%| E|CS|TS  0|AC  0|TAMS 0x0000000088100000, 0x0000000088100000|
| 102|0x0000000088200000, 0x0000000088300000, 0x0000000088300000|100%| E|CS|TS  0|AC  0|TAMS 0x0000000088200000, 0x0000000088200000|
| 103|0x0000000088300000, 0x0000000088400000, 0x0000000088400000|100%| E|CS|TS  0|AC  0|TAMS 0x0000000088300000, 0x0000000088300000|
| 104|0x0000000088400000, 0x0000000088500000, 0x0000000088500000|100%| E|CS|TS  0|AC  0|TAMS 0x0000000088400000, 0x0000000088400000|
| 105|0x0000000088500000, 0x0000000088600000, 0x0000000088600000|100%| E|CS|TS  0|AC  0|TAMS 0x0000000088500000, 0x0000000088500000|
| 106|0x0000000088600000, 0x0000000088700000, 0x0000000088700000|100%| E|CS|TS  0|AC  0|TAMS 0x0000000088600000, 0x0000000088600000|
| 107|0x0000000088700000, 0x0000000088800000, 0x0000000088800000|100%| E|CS|TS  0|AC  0|TAMS 0x0000000088700000, 0x0000000088700000|
| 108|0x0000000088800000, 0x0000000088900000, 0x0000000088900000|100%| E|CS|TS  0|AC  0|TAMS 0x0000000088800000, 0x0000000088800000|
| 109|0x0000000088900000, 0x0000000088a00000, 0x0000000088a00000|100%| E|CS|TS  0|AC  0|TAMS 0x0000000088900000, 0x0000000088900000|
| 110|0x0000000088a00000, 0x0000000088b00000, 0x0000000088b00000|100%| E|CS|TS  0|AC  0|TAMS 0x0000000088a00000, 0x0000000088a00000|
| 111|0x0000000088b00000, 0x0000000088c00000, 0x0000000088c00000|100%| E|CS|TS  0|AC  0|TAMS 0x0000000088b00000, 0x0000000088b00000|
| 112|0x0000000088c00000, 0x0000000088d00000, 0x0000000088d00000|100%| S|CS|TS  1|AC  0|TAMS 0x0000000088c00000, 0x0000000088c00000|
| 113|0x0000000088d00000, 0x0000000088e00000, 0x0000000088e00000|100%| S|CS|TS  1|AC  0|TAMS 0x0000000088d00000, 0x0000000088d00000|
| 114|0x0000000088e00000, 0x0000000088f00000, 0x0000000088f00000|100%| E|CS|TS  1|AC  0|TAMS 0x0000000088e00000, 0x0000000088e00000|
| 115|0x0000000088f00000, 0x0000000089000000, 0x0000000089000000|100%| E|CS|TS  1|AC  0|TAMS 0x0000000088f00000, 0x0000000088f00000|
| 116|0x0000000089000000, 0x0000000089100000, 0x0000000089100000|100%| E|CS|TS  1|AC  0|TAMS 0x0000000089000000, 0x0000000089000000|
| 117|0x0000000089100000, 0x0000000089200000, 0x0000000089200000|100%| E|CS|TS  1|AC  0|TAMS 0x0000000089100000, 0x0000000089100000|
| 118|0x0000000089200000, 0x0000000089300000, 0x0000000089300000|100%| E|CS|TS  1|AC  0|TAMS 0x0000000089200000, 0x0000000089200000|
| 119|0x0000000089300000, 0x0000000089400000, 0x0000000089400000|100%| E|CS|TS  1|AC  0|TAMS 0x0000000089300000, 0x0000000089300000|
| 120|0x0000000089400000, 0x0000000089500000, 0x0000000089500000|100%| E|CS|TS  1|AC  0|TAMS 0x0000000089400000, 0x0000000089400000|
| 121|0x0000000089500000, 0x0000000089600000, 0x0000000089600000|100%| E|CS|TS  1|AC  0|TAMS 0x0000000089500000, 0x0000000089500000|
| 122|0x0000000089600000, 0x0000000089700000, 0x0000000089700000|100%| E|CS|TS  1|AC  0|TAMS 0x0000000089600000, 0x0000000089600000|
| 123|0x0000000089700000, 0x0000000089800000, 0x0000000089800000|100%| E|CS|TS  1|AC  0|TAMS 0x0000000089700000, 0x0000000089700000|
| 124|0x0000000089800000, 0x0000000089900000, 0x0000000089900000|100%| E|CS|TS  1|AC  0|TAMS 0x0000000089800000, 0x0000000089800000|
| 125|0x0000000089900000, 0x0000000089a00000, 0x0000000089a00000|100%| E|CS|TS  1|AC  0|TAMS 0x0000000089900000, 0x0000000089900000|
| 126|0x0000000089a00000, 0x0000000089b00000, 0x0000000089b00000|100%| E|CS|TS  1|AC  0|TAMS 0x0000000089a00000, 0x0000000089a00000|
| 127|0x0000000089b00000, 0x0000000089c00000, 0x0000000089c00000|100%| E|CS|TS  1|AC  0|TAMS 0x0000000089b00000, 0x0000000089b00000|

Card table byte_map: [0x000001e3d8450000,0x000001e3d8850000] byte_map_base: 0x000001e3d8042000

Marking Bits (Prev, Next): (CMBitMap*) 0x000001e3bc6a3f60, (CMBitMap*) 0x000001e3bc6a3f98
 Prev Bits: [0x000001e3d8c50000, 0x000001e3dabe0000)
 Next Bits: [0x000001e3dabe0000, 0x000001e3dcb70000)

Polling page: 0x000001e3bc590000

CodeHeap 'non-profiled nmethods': size=120064Kb used=1259Kb max_used=1259Kb free=118804Kb
 bounds [0x000001e3d00f0000, 0x000001e3d0360000, 0x000001e3d7630000]
CodeHeap 'profiled nmethods': size=120000Kb used=3466Kb max_used=3466Kb free=116533Kb
 bounds [0x000001e3c8bc0000, 0x000001e3c8f30000, 0x000001e3d00f0000]
CodeHeap 'non-nmethods': size=5696Kb used=1375Kb max_used=1450Kb free=4320Kb
 bounds [0x000001e3c8630000, 0x000001e3c88a0000, 0x000001e3c8bc0000]
 total_blobs=2808 nmethods=1783 adapters=519
 compilation: enabled

Compilation events (10 events):
Event: 3.137 Thread 0x000001e3dfa93800 1785       3       java.text.DecimalFormat::append (94 bytes)
Event: 3.138 Thread 0x000001e3dfa93800 nmethod 1785 0x000001e3c8f21190 code [0x000001e3c8f213c0, 0x000001e3c8f22070]
Event: 3.160 Thread 0x000001e3dfa93800 1787       3       ch.idsia.benchmark.mario.engine.level.Level::isBlocking (97 bytes)
Event: 3.160 Thread 0x000001e3dfa93800 nmethod 1787 0x000001e3c8f22490 code [0x000001e3c8f22660, 0x000001e3c8f22a50]
Event: 3.710 Thread 0x000001e3dfa8a000 nmethod 1767 0x000001e3d01df210 code [0x000001e3d01df940, 0x000001e3d01eba68]
Event: 3.710 Thread 0x000001e3dfa8a000 1768   !   4       sun.java2d.SunGraphics2D::drawImage (150 bytes)
Event: 4.220 Thread 0x000001e3dfa84800 nmethod 1752 0x000001e3d01f3490 code [0x000001e3d01f4060, 0x000001e3d0205eb0]
Event: 4.220 Thread 0x000001e3dfa84800 1763       4       sun.java2d.pipe.DrawImage::transformImage (124 bytes)
Event: 4.305 Thread 0x000001e3dfa84800 nmethod 1763 0x000001e3d0211190 code [0x000001e3d0211460, 0x000001e3d0214520]
Event: 4.802 Thread 0x000001e3dfa8a000 nmethod 1768 0x000001e3d0215f90 code [0x000001e3d02166c0, 0x000001e3d0222c38]

GC Heap History (2 events):
Event: 1.190 GC heap before
{Heap before GC invocations=0 (full 0):
 garbage-first heap   total 131072K, used 14336K [0x0000000081c00000, 0x0000000081d00400, 0x0000000100000000)
  region size 1024K, 14 young (14336K), 0 survivors (0K)
 Metaspace       used 8461K, capacity 9384K, committed 9472K, reserved 1058816K
  class space    used 818K, capacity 977K, committed 1024K, reserved 1048576K
}
Event: 1.194 GC heap after
{Heap after GC invocations=1 (full 0):
 garbage-first heap   total 131072K, used 2074K [0x0000000081c00000, 0x0000000081d00400, 0x0000000100000000)
  region size 1024K, 2 young (2048K), 2 survivors (2048K)
 Metaspace       used 8461K, capacity 9384K, committed 9472K, reserved 1058816K
  class space    used 818K, capacity 977K, committed 1024K, reserved 1048576K
}

Deoptimization events (10 events):
Event: 1.814 Thread 0x000001e3bc618800 Uncommon trap: reason=bimorphic_or_optimized_type_check action=maybe_recompile pc=0x000001e3d0198ca8 method=java.util.HashMap.getNode(ILjava/lang/Object;)Ljava/util/HashMap$Node; @ 126 c2
Event: 1.814 Thread 0x000001e3bc618800 Uncommon trap: reason=bimorphic_or_optimized_type_check action=maybe_recompile pc=0x000001e3d0198ca8 method=java.util.HashMap.getNode(ILjava/lang/Object;)Ljava/util/HashMap$Node; @ 126 c2
Event: 2.438 Thread 0x000001e3bc618800 Uncommon trap: reason=unstable_if action=reinterpret pc=0x000001e3d01bc9dc method=sun.java2d.loops.GraphicsPrimitiveMgr.locatePrim(ILsun/java2d/loops/SurfaceType;Lsun/java2d/loops/CompositeType;Lsun/java2d/loops/SurfaceType;)Lsun/java2d/loops/GraphicsPrim
Event: 2.520 Thread 0x000001e3e197d800 Uncommon trap: reason=unstable_if action=reinterpret pc=0x000001e3d0199960 method=java.lang.CharacterData.of(I)Ljava/lang/CharacterData; @ 4 c2
Event: 2.533 Thread 0x000001e3bc618800 Uncommon trap: reason=unstable_if action=reinterpret pc=0x000001e3d01c0a58 method=sun.java2d.loops.GraphicsPrimitiveMgr.locate(Lsun/java2d/loops/GraphicsPrimitiveMgr$PrimitiveSpec;)Lsun/java2d/loops/GraphicsPrimitive; @ 3 c2
Event: 2.566 Thread 0x000001e3bc618800 Uncommon trap: reason=unstable_if action=reinterpret pc=0x000001e3d01573a8 method=java.lang.StringUTF16.compress([CI[BII)I @ 20 c2
Event: 2.574 Thread 0x000001e3bc618800 Uncommon trap: reason=unstable_if action=reinterpret pc=0x000001e3d0197a80 method=java.nio.Buffer.hasRemaining()Z @ 8 c2
Event: 2.606 Thread 0x000001e3bc618800 Uncommon trap: reason=unstable_if action=reinterpret pc=0x000001e3d0121e74 method=jdk.internal.org.objectweb.asm.Type.getArgumentsAndReturnSizes(Ljava/lang/String;)I @ 88 c2
Event: 2.609 Thread 0x000001e3bc618800 Uncommon trap: reason=unstable_if action=reinterpret pc=0x000001e3d01000c8 method=java.lang.StringLatin1.charAt([BI)C @ 7 c2
Event: 2.614 Thread 0x000001e3bc618800 Uncommon trap: reason=unstable_if action=reinterpret pc=0x000001e3d010b330 method=java.lang.StringLatin1.charAt([BI)C @ 7 c2

Classes redefined (4 events):
Event: 80.106 Thread 0x000001e3dfa22800 redefined class name=mario.MarioAgent, count=1
Event: 239.951 Thread 0x000001e3dfa22800 redefined class name=mario.MarioAgent, count=2
Event: 400.371 Thread 0x000001e3dfa22800 redefined class name=mario.MarioAgent, count=3
Event: 400.377 Thread 0x000001e3dfa22800 redefined class name=ch.idsia.benchmark.mario.MarioSimulator, count=1

Internal exceptions (10 events):
Event: 1.823 Thread 0x000001e3bc618800 Exception <a 'java/lang/NoSuchMethodError'{0x0000000088e6d6c8}: java.lang.invoke.DirectMethodHandle$Holder.invokeStaticInit(Ljava/lang/Object;IIII)Ljava/lang/Object;> (0x0000000088e6d6c8) thrown at [t:/workspace/hotspot/src/share/vm/interpreter/linkResolv
Event: 2.033 Thread 0x000001e3bc618800 Exception <a 'java/lang/NoSuchMethodError'{0x0000000088b5d998}: java.lang.invoke.DirectMethodHandle$Holder.invokeStatic(Ljava/lang/Object;Ljava/lang/Object;IIII)Ljava/lang/Object;> (0x0000000088b5d998) thrown at [t:/workspace/hotspot/src/share/vm/interpre
Event: 2.034 Thread 0x000001e3bc618800 Exception <a 'java/lang/NoSuchMethodError'{0x0000000088b60e50}: java.lang.invoke.DirectMethodHandle$Holder.invokeStaticInit(Ljava/lang/Object;Ljava/lang/Object;IIII)Ljava/lang/Object;> (0x0000000088b60e50) thrown at [t:/workspace/hotspot/src/share/vm/inte
Event: 2.552 Thread 0x000001e3e10ad800 Exception <a 'java/lang/NoClassDefFoundError'{0x0000000087f8fd00}: sun/misc/SharedSecrets> (0x0000000087f8fd00) thrown at [t:/workspace/hotspot/src/share/vm/classfile/systemDictionary.cpp, line 216]
Event: 2.621 Thread 0x000001e3bc618800 Exception <a 'java/lang/NoSuchMethodError'{0x0000000087d8bb90}: method resolution failed> (0x0000000087d8bb90) thrown at [t:/workspace/hotspot/src/share/vm/prims/methodHandles.cpp, line 1256]
Event: 2.646 Thread 0x000001e3bc618800 Exception <a 'java/lang/NoSuchMethodError'{0x0000000087c77928}: method resolution failed> (0x0000000087c77928) thrown at [t:/workspace/hotspot/src/share/vm/prims/methodHandles.cpp, line 1256]
Event: 2.646 Thread 0x000001e3bc618800 Exception <a 'java/lang/NoSuchMethodError'{0x0000000087c7b400}: method resolution failed> (0x0000000087c7b400) thrown at [t:/workspace/hotspot/src/share/vm/prims/methodHandles.cpp, line 1256]
Event: 2.647 Thread 0x000001e3bc618800 Exception <a 'java/lang/NoSuchMethodError'{0x0000000087cd2360}: method resolution failed> (0x0000000087cd2360) thrown at [t:/workspace/hotspot/src/share/vm/prims/methodHandles.cpp, line 1256]
Event: 2.648 Thread 0x000001e3bc618800 Exception <a 'java/lang/NoSuchMethodError'{0x0000000087cda9a0}: method resolution failed> (0x0000000087cda9a0) thrown at [t:/workspace/hotspot/src/share/vm/prims/methodHandles.cpp, line 1256]
Event: 2.649 Thread 0x000001e3bc618800 Exception <a 'java/lang/NoSuchMethodError'{0x0000000087cf20b0}: method resolution failed> (0x0000000087cf20b0) thrown at [t:/workspace/hotspot/src/share/vm/prims/methodHandles.cpp, line 1256]

Events (10 events):
Event: 400.385 Executing VM operation: GetFrameLocation done
Event: 400.385 Executing VM operation: GetOrSetLocal
Event: 400.385 Executing VM operation: GetOrSetLocal done
Event: 400.478 Executing VM operation: GetFrameCount
Event: 400.478 Executing VM operation: GetFrameCount done
Event: 400.478 Executing VM operation: GetFrameLocation
Event: 400.478 Executing VM operation: GetFrameLocation done
Event: 400.479 Executing VM operation: GetFrameLocation
Event: 400.479 Executing VM operation: GetFrameLocation done
Event: 400.479 Executing VM operation: GetOrSetLocal


Dynamic libraries:
0x00007ff61b2b0000 - 0x00007ff61b2ee000 	C:\Program Files\Java\jdk-9.0.4\bin\java.exe
0x00007fff63f90000 - 0x00007fff64171000 	C:\WINDOWS\SYSTEM32\ntdll.dll
0x00007fff62d00000 - 0x00007fff62db2000 	C:\WINDOWS\System32\KERNEL32.DLL
0x00007fff611a0000 - 0x00007fff61413000 	C:\WINDOWS\System32\KERNELBASE.dll
0x00007fff62a70000 - 0x00007fff62b11000 	C:\WINDOWS\System32\ADVAPI32.dll
0x00007fff61480000 - 0x00007fff6151e000 	C:\WINDOWS\System32\msvcrt.dll
0x00007fff632e0000 - 0x00007fff6333b000 	C:\WINDOWS\System32\sechost.dll
0x00007fff63110000 - 0x00007fff63234000 	C:\WINDOWS\System32\RPCRT4.dll
0x00007fff62e90000 - 0x00007fff63020000 	C:\WINDOWS\System32\USER32.dll
0x00007fff609a0000 - 0x00007fff609c0000 	C:\WINDOWS\System32\win32u.dll
0x00007fff61600000 - 0x00007fff61628000 	C:\WINDOWS\System32\GDI32.dll
0x00007fff60360000 - 0x00007fff604f2000 	C:\WINDOWS\System32\gdi32full.dll
0x00007fff606b0000 - 0x00007fff6074f000 	C:\WINDOWS\System32\msvcp_win.dll
0x00007fff60500000 - 0x00007fff605fa000 	C:\WINDOWS\System32\ucrtbase.dll
0x00007fff48880000 - 0x00007fff48ae9000 	C:\WINDOWS\WinSxS\amd64_microsoft.windows.common-controls_6595b64144ccf1df_6.0.17134.345_none_fb429a5930656358\COMCTL32.dll
0x00007fff633b0000 - 0x00007fff636d3000 	C:\WINDOWS\System32\combase.dll
0x00007fff609c0000 - 0x00007fff60a3a000 	C:\WINDOWS\System32\bcryptPrimitives.dll
0x00007fff508b0000 - 0x00007fff508ba000 	C:\WINDOWS\SYSTEM32\VERSION.dll
0x00007fff615d0000 - 0x00007fff615fd000 	C:\WINDOWS\System32\IMM32.DLL
0x00007fff59c80000 - 0x00007fff59d6f000 	C:\Program Files\Java\jdk-9.0.4\bin\msvcr120.dll
0x00007fff4dbc0000 - 0x00007fff4dc66000 	C:\Program Files\Java\jdk-9.0.4\bin\msvcp120.dll
0x0000000059a90000 - 0x000000005a4b5000 	C:\Program Files\Java\jdk-9.0.4\bin\server\jvm.dll
0x00007fff63880000 - 0x00007fff63888000 	C:\WINDOWS\System32\PSAPI.DLL
0x00007fff493c0000 - 0x00007fff493c9000 	C:\WINDOWS\SYSTEM32\WSOCK32.dll
0x00007fff63340000 - 0x00007fff633ac000 	C:\WINDOWS\System32\WS2_32.dll
0x00007fff5b410000 - 0x00007fff5b433000 	C:\WINDOWS\SYSTEM32\WINMM.dll
0x00007fff5b2f0000 - 0x00007fff5b31a000 	C:\WINDOWS\SYSTEM32\WINMMBASE.dll
0x00007fff60a40000 - 0x00007fff60a89000 	C:\WINDOWS\System32\cfgmgr32.dll
0x00007fff5c600000 - 0x00007fff5c60f000 	C:\Program Files\Java\jdk-9.0.4\bin\verify.dll
0x00007fff5b5e0000 - 0x00007fff5b607000 	C:\Program Files\Java\jdk-9.0.4\bin\java.dll
0x00007fff59c30000 - 0x00007fff59c66000 	C:\Program Files\Java\jdk-9.0.4\bin\jdwp.dll
0x00007fff51820000 - 0x00007fff5184a000 	C:\Program Files\Java\jdk-9.0.4\bin\instrument.dll
0x00007fff5b6c0000 - 0x00007fff5b6d6000 	C:\Program Files\Java\jdk-9.0.4\bin\zip.dll
0x00007fff5b5d0000 - 0x00007fff5b5da000 	C:\Program Files\Java\jdk-9.0.4\bin\jimage.dll
0x00007fff61630000 - 0x00007fff62a6f000 	C:\WINDOWS\System32\SHELL32.dll
0x00007fff61520000 - 0x00007fff615c9000 	C:\WINDOWS\System32\shcore.dll
0x00007fff60a90000 - 0x00007fff6119d000 	C:\WINDOWS\System32\windows.storage.dll
0x00007fff63f00000 - 0x00007fff63f51000 	C:\WINDOWS\System32\shlwapi.dll
0x00007fff602c0000 - 0x00007fff602d1000 	C:\WINDOWS\System32\kernel.appcore.dll
0x00007fff602e0000 - 0x00007fff602ff000 	C:\WINDOWS\System32\profapi.dll
0x00007fff60310000 - 0x00007fff6035c000 	C:\WINDOWS\System32\powrprof.dll
0x00007fff60300000 - 0x00007fff6030a000 	C:\WINDOWS\System32\FLTLIB.DLL
0x00007fff5b5b0000 - 0x00007fff5b5ca000 	C:\Program Files\Java\jdk-9.0.4\bin\net.dll
0x00007fff5c9a0000 - 0x00007fff5ca7c000 	C:\WINDOWS\SYSTEM32\WINHTTP.dll
0x00007fff5fb20000 - 0x00007fff5fb86000 	C:\WINDOWS\system32\mswsock.dll
0x00007fff59d80000 - 0x00007fff59d91000 	C:\Program Files\Java\jdk-9.0.4\bin\nio.dll
0x00007fff59c10000 - 0x00007fff59c1a000 	C:\Program Files\Java\jdk-9.0.4\bin\dt_socket.dll
0x00007fff44a00000 - 0x00007fff44b99000 	C:\Program Files\Java\jdk-9.0.4\bin\awt.dll
0x00007fff62dc0000 - 0x00007fff62e82000 	C:\WINDOWS\System32\OLEAUT32.dll
0x00007fff5a240000 - 0x00007fff5a807000 	C:\WINDOWS\SYSTEM32\d2d1.dll
0x00007fff5b630000 - 0x00007fff5b6bb000 	C:\WINDOWS\SYSTEM32\apphelp.dll
0x00007fff5e560000 - 0x00007fff5e589000 	C:\WINDOWS\system32\DWMAPI.DLL
0x00007fff5d9b0000 - 0x00007fff5da48000 	C:\WINDOWS\system32\uxtheme.dll
0x00007fff3ee60000 - 0x00007fff3ef80000 	C:\WINDOWS\system32\opengl32.dll
0x00007fff3f5c0000 - 0x00007fff3f5ec000 	C:\WINDOWS\SYSTEM32\GLU32.dll
0x00007fff63890000 - 0x00007fff63a04000 	C:\WINDOWS\System32\MSCTF.dll
0x00007fff62b20000 - 0x00007fff62c71000 	C:\WINDOWS\System32\ole32.dll
0x00007fff5fce0000 - 0x00007fff5fcf7000 	C:\WINDOWS\SYSTEM32\CRYPTSP.dll
0x00007fff5f700000 - 0x00007fff5f733000 	C:\WINDOWS\system32\rsaenh.dll
0x00007fff5fe00000 - 0x00007fff5fe25000 	C:\WINDOWS\SYSTEM32\bcrypt.dll
0x00007fff601d0000 - 0x00007fff601f8000 	C:\WINDOWS\SYSTEM32\USERENV.dll
0x00007fff5fcd0000 - 0x00007fff5fcdb000 	C:\WINDOWS\SYSTEM32\CRYPTBASE.dll
0x00007fff5f8a0000 - 0x00007fff5f8d8000 	C:\WINDOWS\SYSTEM32\IPHLPAPI.DLL
0x00007fff63a10000 - 0x00007fff63a18000 	C:\WINDOWS\System32\NSI.dll
0x00007fff56c30000 - 0x00007fff56c46000 	C:\WINDOWS\SYSTEM32\dhcpcsvc6.DLL
0x00007fff58da0000 - 0x00007fff58dba000 	C:\WINDOWS\SYSTEM32\dhcpcsvc.DLL
0x00007fff41630000 - 0x00007fff416cd000 	C:\Program Files\Java\jdk-9.0.4\bin\fontmanager.dll
0x00007fff4b4b0000 - 0x00007fff4b547000 	C:\WINDOWS\System32\TextInputFramework.dll
0x00007fff58e20000 - 0x00007fff5913e000 	C:\WINDOWS\System32\CoreUIComponents.dll
0x00007fff5add0000 - 0x00007fff5aeaa000 	C:\WINDOWS\System32\CoreMessaging.dll
0x00007fff5cfb0000 - 0x00007fff5d0fd000 	C:\WINDOWS\SYSTEM32\wintypes.dll
0x00007fff5f4a0000 - 0x00007fff5f4d1000 	C:\WINDOWS\SYSTEM32\ntmarta.dll
0x00007fff5ecb0000 - 0x00007fff5ee79000 	C:\WINDOWS\SYSTEM32\dbghelp.dll

VM Arguments:
jvm_args: -agentlib:jdwp=transport=dt_socket,address=127.0.0.1:51102,suspend=y,server=n -javaagent:C:\Users\doubr\.IdeaIC2017.3\system\captureAgent\debugger-agent.jar=C:\Users\doubr\AppData\Local\Temp\capture30844.props -Dfile.encoding=UTF-8 
java_command: mario.MarioAgent
java_class_path (initial): C:\Users\doubr\OneDrive\Documents\SCHOOL\MFF\MFF-Mgr\ArtificalInteligence\MarioAI-master\out\production\MarioAI4J-Playground;C:\Users\doubr\OneDrive\Documents\SCHOOL\MFF\MFF-Mgr\ArtificalInteligence\MarioAI-master\out\production\MarioAI4J-Tournament;C:\Users\doubr\OneDrive\Documents\SCHOOL\MFF\MFF-Mgr\ArtificalInteligence\MarioAI-master\MarioAI4J-Tournament\lib\jsap-2.1.jar;C:\Users\doubr\OneDrive\Documents\SCHOOL\MFF\MFF-Mgr\ArtificalInteligence\MarioAI-master\out\production\MarioAI4J;C:\Users\doubr\OneDrive\Documents\SCHOOL\MFF\MFF-Mgr\ArtificalInteligence\MarioAI-master\MarioAI4J\lib\simple-logging-1.0.1.jar;C:\Program Files\JetBrains\IntelliJ IDEA Community Edition 2017.3.4\lib\idea_rt.jar
Launcher Type: SUN_STANDARD

Logging:
Log output configuration:
#0: stdout all=warning uptime,level,tags
#1: stderr all=off uptime,level,tags

Environment Variables:
PATH=C:\ProgramData\Oracle\Java\javapath;C:\Program Files (x86)\Intel\iCLS Client\;C:\Program Files\Intel\iCLS Client\;C:\WINDOWS\system32;C:\WINDOWS;C:\WINDOWS\System32\Wbem;C:\WINDOWS\System32\WindowsPowerShell\v1.0\;C:\Program Files (x86)\Intel\Intel(R) Management Engine Components\DAL;C:\Program Files\Intel\Intel(R) Management Engine Components\DAL;C:\Program Files (x86)\Intel\Intel(R) Management Engine Components\IPT;C:\Program Files\Intel\Intel(R) Management Engine Components\IPT;C:\Program Files\dotnet\;C:\Program Files\Microsoft SQL Server\130\Tools\Binn\;C:\WINDOWS\system32\config\systemprofile\.dnx\bin;C:\Program Files\Microsoft DNX\Dnvm\;C:\Program Files\TortoiseSVN\bin;C:\Program Files\MiKTeX 2.9\miktex\bin\x64\;C:\WINDOWS\System32\OpenSSH\;C:\Program Files\PuTTY\;C:\Program Files\Intel\WiFi\bin\;C:\Program Files\Common Files\Intel\WirelessCommon\;C:\Program Files\Git\cmd;C:\Users\doubr\Anaconda3;C:\Users\doubr\Anaconda3\Library\mingw-w64\bin;C:\Users\doubr\Anaconda3\Library\usr\bin;C:\Users\doubr\Anaconda3\Library\bin;C:\Users\doubr\Anaconda3\Scripts;C:\Users\doubr\AppData\Local\Microsoft\WindowsApps;C:\Users\doubr\Documents\iconv-1.9.2.win32;C:\Users\doubr\Documents\libxml2-2.7.8.win32;C:\Users\doubr\Documents\libxslt-1.1.26.win32;C:\Users\doubr\Documents\win_flex_bison-2.5.10;C:\Users\doubr\Documents\zlib-1.2.5;C:\Users\doubr\OneDrive\Documents\SCHOOL\Compilers\HW01\win_flex_bison-2.5.6;C:\Users\doubr\OneDrive\Documents\SCHOOL\Compilers\HW01\xsltproc_libxml2;C:\Program Files\R\R-3.4.3\bin;;C:\Users\doubr\OneDrive\Documents\R\win-library\3.4
USERNAME=doubr
OS=Windows_NT
PROCESSOR_IDENTIFIER=Intel64 Family 6 Model 142 Stepping 9, GenuineIntel



---------------  S Y S T E M  ---------------

OS: Windows 10 , 64 bit Build 17134 (10.0.17134.1)

CPU:total 4 (initial active 4) (2 cores per cpu, 2 threads per core) family 6 model 142 stepping 9, cmov, cx8, fxsr, mmx, sse, sse2, sse3, ssse3, sse4.1, sse4.2, popcnt, avx, avx2, aes, clmul, erms, 3dnowpref, lzcnt, ht, tsc, tscinvbit, bmi1, bmi2, adx, fma

Memory: 4k page, physical 8270176k(3053012k free), swap 15610208k(8480232k free)

vm_info: Java HotSpot(TM) 64-Bit Server VM (9.0.4+11) for windows-amd64 JRE (9.0.4+11), built on Dec 20 2017 02:18:54 by "mach5one" with MS VC++ 12.0 (VS2013)

END.
